This file contains any messages produced by compilers while
running configure, to aid debugging if configure makes a mistake.

It was created by FULL-PACKAGE-NAME configure VERSION, which was
generated by GNU Autoconf 2.63.  Invocation command line was

  $ ./configure --no-create --no-recursion

## --------- ##
## Platform. ##
## --------- ##

hostname = cp01-dev-zhoushuaihu.epc.baidu.com
uname -m = x86_64
uname -r = 2.6.32_1-16-0-0_virtio
uname -s = Linux
uname -v = #1 SMP Thu May 14 15:30:56 CST 2015

/usr/bin/uname -p = unknown
/bin/uname -X     = unknown

/bin/arch              = x86_64
/usr/bin/arch -k       = unknown
/usr/convex/getsysinfo = unknown
/usr/bin/hostinfo      = unknown
/bin/machine           = unknown
/usr/bin/oslevel       = unknown
/bin/universe          = unknown

PATH: /home/users/zhoushuaihu/.BCloud/bin
PATH: /home/users/zhoushuaihu/.jumbo/bin/core_perl
PATH: /home/users/zhoushuaihu/.jumbo/bin
PATH: /home/tools/tools/svn/1.6.5/64/bin
PATH: /home/tools/tools/scmtools/usr/bin
PATH: /home/tools/tools/../bin/64/
PATH: /home/tools/tools/maven/apache-maven-2.2.0/bin
PATH: /home/tools/tools/ant/apache-ant-1.6.5/bin
PATH: /home/tools/tools/ant/apache-ant-1.7.1/bin
PATH: /home/tools/tools/java/jdk1.6.0_20/bin
PATH: /home/tools/tools/php/5.2.17/64/bin
PATH: /home/tools/tools/scmtools/usr/bin/bcloud
PATH: /usr/kerberos/bin
PATH: /usr/local/bin
PATH: /bin
PATH: /usr/bin
PATH: /usr/X11R6/bin
PATH: /opt/bin
PATH: /home/opt/bin
PATH: /home/users/zhoushuaihu/.jumbo/bin/vendor_perl
PATH: /home/users/zhoushuaihu/bin


## ----------- ##
## Core tests. ##
## ----------- ##

configure:1843: checking for a BSD-compatible install
configure:1911: result: /usr/bin/install -c
configure:1922: checking whether build environment is sane
configure:1982: result: yes
configure:2123: checking for a thread-safe mkdir -p
configure:2162: result: /bin/mkdir -p
configure:2175: checking for gawk
configure:2191: found /bin/gawk
configure:2202: result: gawk
configure:2213: checking whether make sets $(MAKE)
configure:2235: result: yes
configure:2381: checking for g++
configure:2397: found /usr/bin/g++
configure:2408: result: g++
configure:2435: checking for C++ compiler version
configure:2443: g++ --version >&5
g++ (GCC) 3.4.5 20051201 (Red Hat 3.4.5-2)
Copyright (C) 2004 Free Software Foundation, Inc.
This is free software; see the source for copying conditions.  There is NO
warranty; not even for MERCHANTABILITY or FITNESS FOR A PARTICULAR PURPOSE.

configure:2447: $? = 0
configure:2454: g++ -v >&5
Reading specs from /usr/lib/gcc/x86_64-redhat-linux/3.4.5/specs
Configured with: ../configure --prefix=/usr --mandir=/usr/share/man --infodir=/usr/share/info --enable-shared --enable-threads=posix --disable-checking --with-system-zlib --enable-__cxa_atexit --disable-libunwind-exceptions --enable-java-awt=gtk --host=x86_64-redhat-linux
Thread model: posix
gcc version 3.4.5 20051201 (Red Hat 3.4.5-2)
configure:2458: $? = 0
configure:2465: g++ -V >&5
g++: `-V' option must have argument
configure:2469: $? = 1
configure:2492: checking for C++ compiler default output file name
configure:2514: g++    conftest.cpp  >&5
configure:2518: $? = 0
configure:2556: result: a.out
configure:2575: checking whether the C++ compiler works
configure:2585: ./a.out
configure:2589: $? = 0
configure:2608: result: yes
configure:2615: checking whether we are cross compiling
configure:2617: result: no
configure:2620: checking for suffix of executables
configure:2627: g++ -o conftest    conftest.cpp  >&5
configure:2631: $? = 0
configure:2657: result: 
configure:2663: checking for suffix of object files
configure:2689: g++ -c   conftest.cpp >&5
configure:2693: $? = 0
configure:2718: result: o
configure:2722: checking whether we are using the GNU C++ compiler
configure:2751: g++ -c   conftest.cpp >&5
configure:2758: $? = 0
configure:2775: result: yes
configure:2784: checking whether g++ accepts -g
configure:2814: g++ -c -g  conftest.cpp >&5
configure:2821: $? = 0
configure:2922: result: yes
configure:2956: checking for style of include used by make
configure:2984: result: GNU
configure:3009: checking dependency style of g++
configure:3119: result: gcc3
configure:3182: checking for gcc
configure:3198: found /usr/bin/gcc
configure:3209: result: gcc
configure:3441: checking for C compiler version
configure:3449: gcc --version >&5
gcc (GCC) 3.4.5 20051201 (Red Hat 3.4.5-2)
Copyright (C) 2004 Free Software Foundation, Inc.
This is free software; see the source for copying conditions.  There is NO
warranty; not even for MERCHANTABILITY or FITNESS FOR A PARTICULAR PURPOSE.

configure:3453: $? = 0
configure:3460: gcc -v >&5
Reading specs from /usr/lib/gcc/x86_64-redhat-linux/3.4.5/specs
Configured with: ../configure --prefix=/usr --mandir=/usr/share/man --infodir=/usr/share/info --enable-shared --enable-threads=posix --disable-checking --with-system-zlib --enable-__cxa_atexit --disable-libunwind-exceptions --enable-java-awt=gtk --host=x86_64-redhat-linux
Thread model: posix
gcc version 3.4.5 20051201 (Red Hat 3.4.5-2)
configure:3464: $? = 0
configure:3471: gcc -V >&5
gcc: `-V' option must have argument
configure:3475: $? = 1
configure:3478: checking whether we are using the GNU C compiler
configure:3507: gcc -c   conftest.c >&5
configure:3514: $? = 0
configure:3531: result: yes
configure:3540: checking whether gcc accepts -g
configure:3570: gcc -c -g  conftest.c >&5
configure:3577: $? = 0
configure:3678: result: yes
configure:3695: checking for gcc option to accept ISO C89
configure:3769: gcc  -c -g -O2  conftest.c >&5
configure:3776: $? = 0
configure:3799: result: none needed
configure:3819: checking dependency style of gcc
configure:3929: result: gcc3
configure:3957: checking for memset
configure:4013: gcc -o conftest -g -O2   conftest.c  >&5
conftest.c:33: warning: conflicting types for built-in function 'memset'
configure:4020: $? = 0
configure:4042: result: yes
configure:4188: creating ./config.status

## ---------------- ##
## Cache variables. ##
## ---------------- ##

ac_cv_c_compiler_gnu=yes
ac_cv_cxx_compiler_gnu=yes
ac_cv_env_CCC_set=
ac_cv_env_CCC_value=
ac_cv_env_CC_set=
ac_cv_env_CC_value=
ac_cv_env_CFLAGS_set=
ac_cv_env_CFLAGS_value=
ac_cv_env_CPPFLAGS_set=
ac_cv_env_CPPFLAGS_value=
ac_cv_env_CXXFLAGS_set=
ac_cv_env_CXXFLAGS_value=
ac_cv_env_CXX_set=
ac_cv_env_CXX_value=
ac_cv_env_LDFLAGS_set=
ac_cv_env_LDFLAGS_value=
ac_cv_env_LIBS_set=
ac_cv_env_LIBS_value=
ac_cv_env_build_alias_set=
ac_cv_env_build_alias_value=
ac_cv_env_host_alias_set=
ac_cv_env_host_alias_value=
ac_cv_env_target_alias_set=
ac_cv_env_target_alias_value=
ac_cv_func_memset=yes
ac_cv_objext=o
ac_cv_path_install='/usr/bin/install -c'
ac_cv_path_mkdir=/bin/mkdir
ac_cv_prog_AWK=gawk
ac_cv_prog_ac_ct_CC=gcc
ac_cv_prog_ac_ct_CXX=g++
ac_cv_prog_cc_c89=
ac_cv_prog_cc_g=yes
ac_cv_prog_cxx_g=yes
ac_cv_prog_make_make_set=yes
am_cv_CC_dependencies_compiler_type=gcc3
am_cv_CXX_dependencies_compiler_type=gcc3

## ----------------- ##
## Output variables. ##
## ----------------- ##

ACLOCAL='${SHELL} /home/users/zhoushuaihu/unicode2utf8/missing --run aclocal-1.11'
AMDEPBACKSLASH='\'
AMDEP_FALSE='#'
AMDEP_TRUE=''
AMTAR='${SHELL} /home/users/zhoushuaihu/unicode2utf8/missing --run tar'
AUTOCONF='${SHELL} /home/users/zhoushuaihu/unicode2utf8/missing --run autoconf'
AUTOHEADER='${SHELL} /home/users/zhoushuaihu/unicode2utf8/missing --run autoheader'
AUTOMAKE='${SHELL} /home/users/zhoushuaihu/unicode2utf8/missing --run automake-1.11'
AWK='gawk'
CC='gcc'
CCDEPMODE='depmode=gcc3'
CFLAGS='-g -O2'
CPPFLAGS=''
CXX='g++'
CXXDEPMODE='depmode=gcc3'
CXXFLAGS='-g -O2'
CYGPATH_W='echo'
DEFS='-DHAVE_CONFIG_H'
DEPDIR='.deps'
ECHO_C=''
ECHO_N='-n'
ECHO_T=''
EXEEXT=''
INSTALL_DATA='${INSTALL} -m 644'
INSTALL_PROGRAM='${INSTALL}'
INSTALL_SCRIPT='${INSTALL}'
INSTALL_STRIP_PROGRAM='$(install_sh) -c -s'
LDFLAGS=''
LIBOBJS=''
LIBS=''
LTLIBOBJS=''
MAKEINFO='${SHELL} /home/users/zhoushuaihu/unicode2utf8/missing --run makeinfo'
MKDIR_P='/bin/mkdir -p'
OBJEXT='o'
PACKAGE='full-package-name'
PACKAGE_BUGREPORT='BUG-REPORT-ADDRESS'
PACKAGE_NAME='FULL-PACKAGE-NAME'
PACKAGE_STRING='FULL-PACKAGE-NAME VERSION'
PACKAGE_TARNAME='full-package-name'
PACKAGE_VERSION='VERSION'
PATH_SEPARATOR=':'
SET_MAKE=''
SHELL='/bin/sh'
STRIP=''
VERSION='VERSION'
ac_ct_CC='gcc'
ac_ct_CXX='g++'
am__EXEEXT_FALSE=''
am__EXEEXT_TRUE='#'
am__fastdepCC_FALSE='#'
am__fastdepCC_TRUE=''
am__fastdepCXX_FALSE='#'
am__fastdepCXX_TRUE=''
am__include='include'
am__isrc=''
am__leading_dot='.'
am__quote=''
am__tar='${AMTAR} chof - "$$tardir"'
am__untar='${AMTAR} xf -'
bindir='${exec_prefix}/bin'
build_alias=''
datadir='${datarootdir}'
datarootdir='${prefix}/share'
docdir='${datarootdir}/doc/${PACKAGE_TARNAME}'
dvidir='${docdir}'
exec_prefix='${prefix}'
host_alias=''
htmldir='${docdir}'
includedir='${prefix}/include'
infodir='${datarootdir}/info'
install_sh='${SHELL} /home/users/zhoushuaihu/unicode2utf8/install-sh'
libdir='${exec_prefix}/lib'
libexecdir='${exec_prefix}/libexec'
localedir='${datarootdir}/locale'
localstatedir='${prefix}/var'
mandir='${datarootdir}/man'
mkdir_p='/bin/mkdir -p'
oldincludedir='/usr/include'
pdfdir='${docdir}'
prefix='/usr/local'
program_transform_name='s,x,x,'
psdir='${docdir}'
sbindir='${exec_prefix}/sbin'
sharedstatedir='${prefix}/com'
sysconfdir='${prefix}/etc'
target_alias=''

## ----------- ##
## confdefs.h. ##
## ----------- ##

#define PACKAGE_NAME "FULL-PACKAGE-NAME"
#define PACKAGE_TARNAME "full-package-name"
#define PACKAGE_VERSION "VERSION"
#define PACKAGE_STRING "FULL-PACKAGE-NAME VERSION"
#define PACKAGE_BUGREPORT "BUG-REPORT-ADDRESS"
#define PACKAGE "full-package-name"
#define VERSION "VERSION"
#define HAVE_MEMSET 1

configure: exit 0

## ---------------------- ##
## Running config.status. ##
## ---------------------- ##

This file was extended by FULL-PACKAGE-NAME config.status VERSION, which was
generated by GNU Autoconf 2.63.  Invocation command line was

  CONFIG_FILES    = 
  CONFIG_HEADERS  = 
  CONFIG_LINKS    = 
  CONFIG_COMMANDS = 
  $ ./config.status 

on cp01-dev-zhoushuaihu.epc.baidu.com

config.status:766: creating Makefile
config.status:766: creating src/Makefile
config.status:766: creating config.h
config.status:988: config.h is unchanged
config.status:1040: executing depfiles commands

## ---------------------- ##
## Running config.status. ##
## ---------------------- ##

This file was extended by FULL-PACKAGE-NAME config.status VERSION, which was
generated by GNU Autoconf 2.63.  Invocation command line was

  CONFIG_FILES    = 
  CONFIG_HEADERS  = 
  CONFIG_LINKS    = 
  CONFIG_COMMANDS = 
  $ ./config.status config.h

on cp01-dev-zhoushuaihu.epc.baidu.com

config.status:766: creating config.h
config.status:988: config.h is unchanged
